<?xml version="1.0" encoding="UTF-8"?>
<testsuites name="jest tests" tests="2" failures="0" time="0.243">
  <testsuite name="Funkcja modifyEverySecondElement" errors="0" failures="0" skipped="0" timestamp="2023-02-01T13:22:41" time="0.232" tests="2">
    <testcase classname="Funkcja modifyEverySecondElement powinna zwrócić tablicę" name="Funkcja modifyEverySecondElement powinna zwrócić tablicę" time="0">
    </testcase>
    <testcase classname="Funkcja modifyEverySecondElement powinna zwrócić tablicę, która ma co drugi element powiększony o 1" name="Funkcja modifyEverySecondElement powinna zwrócić tablicę, która ma co drugi element powiększony o 1" time="0.001">
    </testcase>
  </testsuite>
</testsuites>